Performing C++ SOURCE FILE Test CMAKE_HAVE_LIBC_PTHREAD failed with the following output:
Change Dir: /home/lambda/READ-CODE/hoplite/build/CMakeFiles/CMakeTmp

Run Build Command(s):/usr/bin/ninja cmTC_52d8b && [1/2] Building CXX object CMakeFiles/cmTC_52d8b.dir/src.cxx.o
[2/2] Linking CXX executable cmTC_52d8b
FAILED: cmTC_52d8b 
: && /usr/bin/c++  -DCMAKE_HAVE_LIBC_PTHREAD   CMakeFiles/cmTC_52d8b.dir/src.cxx.o  -o cmTC_52d8b   && :
/usr/bin/ld: CMakeFiles/cmTC_52d8b.dir/src.cxx.o: in function `main':
src.cxx:(.text+0x3e): undefined reference to `pthread_create'
/usr/bin/ld: src.cxx:(.text+0x4a): undefined reference to `pthread_detach'
/usr/bin/ld: src.cxx:(.text+0x5b): undefined reference to `pthread_join'
collect2: error: ld returned 1 exit status
ninja: build stopped: subcommand failed.


Source file was:
#include <pthread.h>

void* test_func(void* data)
{
  return data;
}

int main(void)
{
  pthread_t thread;
  pthread_create(&thread, NULL, test_func, NULL);
  pthread_detach(thread);
  pthread_join(thread, NULL);
  pthread_atfork(NULL, NULL, NULL);
  pthread_exit(NULL);

  return 0;
}

Performing C++ SOURCE FILE Test CMAKE_HAVE_LIBC_PTHREAD failed with the following output:
Change Dir: /home/lambda/READ-CODE/hoplite/build/CMakeFiles/CMakeTmp

Run Build Command(s):/usr/bin/make cmTC_3cbe2/fast && /usr/bin/make -f CMakeFiles/cmTC_3cbe2.dir/build.make CMakeFiles/cmTC_3cbe2.dir/build
make[1]: Entering directory '/home/lambda/READ-CODE/hoplite/build/CMakeFiles/CMakeTmp'
Building CXX object CMakeFiles/cmTC_3cbe2.dir/src.cxx.o
/usr/bin/c++    -DCMAKE_HAVE_LIBC_PTHREAD -fPIE   -std=gnu++14 -o CMakeFiles/cmTC_3cbe2.dir/src.cxx.o -c /home/lambda/READ-CODE/hoplite/build/CMakeFiles/CMakeTmp/src.cxx
Linking CXX executable cmTC_3cbe2
/usr/bin/cmake -E cmake_link_script CMakeFiles/cmTC_3cbe2.dir/link.txt --verbose=1
/usr/bin/c++   -DCMAKE_HAVE_LIBC_PTHREAD    CMakeFiles/cmTC_3cbe2.dir/src.cxx.o  -o cmTC_3cbe2 
/usr/bin/ld: CMakeFiles/cmTC_3cbe2.dir/src.cxx.o: in function `main':
src.cxx:(.text+0x3e): undefined reference to `pthread_create'
/usr/bin/ld: src.cxx:(.text+0x4a): undefined reference to `pthread_detach'
/usr/bin/ld: src.cxx:(.text+0x5b): undefined reference to `pthread_join'
collect2: error: ld returned 1 exit status
make[1]: *** [CMakeFiles/cmTC_3cbe2.dir/build.make:87: cmTC_3cbe2] Error 1
make[1]: Leaving directory '/home/lambda/READ-CODE/hoplite/build/CMakeFiles/CMakeTmp'
make: *** [Makefile:121: cmTC_3cbe2/fast] Error 2


Source file was:
#include <pthread.h>

void* test_func(void* data)
{
  return data;
}

int main(void)
{
  pthread_t thread;
  pthread_create(&thread, NULL, test_func, NULL);
  pthread_detach(thread);
  pthread_join(thread, NULL);
  pthread_atfork(NULL, NULL, NULL);
  pthread_exit(NULL);

  return 0;
}

